
*** Running vivado
    with args -log SnakeGameTop.vds -m64 -product Vivado -mode batch -messageDb vivado.pb -notrace -source SnakeGameTop.tcl


ECHO is off.
ECHO is off.

****** Vivado v2023.2 (64-bit)
  **** SW Build 4029153 on Fri Oct 13 20:14:34 MDT 2023
  **** IP Build 4028589 on Sat Oct 14 00:45:43 MDT 2023
  **** SharedData Build 4025554 on Tue Oct 10 17:18:54 MDT 2023
    ** Copyright 1986-2022 Xilinx, Inc. All Rights Reserved.
    ** Copyright 2022-2023 Advanced Micro Devices, Inc. All Rights Reserved.

source SnakeGameTop.tcl -notrace
create_project: Time (s): cpu = 00:00:05 ; elapsed = 00:00:06 . Memory (MB): peak = 452.949 ; gain = 184.758
Command: read_checkpoint -auto_incremental -incremental C:/Users/Admin/lab7/lab7.srcs/utils_1/imports/synth_1/SnakeGame.dcp
INFO: [Vivado 12-5825] Read reference checkpoint from C:/Users/Admin/lab7/lab7.srcs/utils_1/imports/synth_1/SnakeGame.dcp for incremental synthesis
INFO: [Vivado 12-7989] Please ensure there are no constraint changes
Command: synth_design -top SnakeGameTop -part xc7a35tlcpg236-2L
Starting synth_design
Attempting to get a license for feature 'Synthesis' and/or device 'xc7a35tl'
INFO: [Common 17-349] Got license for feature 'Synthesis' and/or device 'xc7a35tl'
INFO: [Device 21-403] Loading part xc7a35tlcpg236-2L
INFO: [Designutils 20-5440] No compile time benefit to using incremental synthesis; A full resynthesis will be run
INFO: [Designutils 20-4379] Flow is switching to default flow due to incremental criteria not met. If you would like to alter this behaviour and have the flow terminate instead, please set the following parameter config_implementation {autoIncr.Synth.RejectBehavior Terminate}
INFO: [Synth 8-7079] Multithreading enabled for synth_design using a maximum of 2 processes.
INFO: [Synth 8-7078] Launching helper process for spawning children vivado processes
INFO: [Synth 8-7075] Helper process launched with PID 4024
---------------------------------------------------------------------------------
Starting RTL Elaboration : Time (s): cpu = 00:00:06 ; elapsed = 00:00:06 . Memory (MB): peak = 1288.277 ; gain = 440.879
---------------------------------------------------------------------------------
INFO: [Synth 8-6157] synthesizing module 'SnakeGameTop' [C:/Users/Admin/lab7/lab7.srcs/sources_1/new/snake_game.v:4]
INFO: [Synth 8-6157] synthesizing module 'VGA_Interface' [C:/FPGA_lab/lab6/lab6.srcs/sources_1/new/VGA_Interface.v:16]
INFO: [Synth 8-6155] done synthesizing module 'VGA_Interface' (0#1) [C:/FPGA_lab/lab6/lab6.srcs/sources_1/new/VGA_Interface.v:16]
INFO: [Synth 8-6157] synthesizing module 'Ps2_interface' [C:/FPGA_lab/lab5/lab5.srcs/sources_1/new/Ps2_Interface.v:22]
INFO: [Synth 8-6155] done synthesizing module 'Ps2_interface' (0#1) [C:/FPGA_lab/lab5/lab5.srcs/sources_1/new/Ps2_Interface.v:22]
INFO: [Synth 8-6157] synthesizing module 'SnakeGameLogic' [C:/Users/Admin/lab7/lab7.srcs/sources_1/new/SnakeGameLogic.v:1]
	Parameter GRID_WIDTH bound to: 100 - type: integer 
	Parameter GRID_HEIGHT bound to: 75 - type: integer 
	Parameter SNAKE_INIT_LENGTH bound to: 3 - type: integer 
	Parameter INITIAL_SPEED bound to: 10000000 - type: integer 
	Parameter MAX_SNAKE_LENGTH bound to: 100 - type: integer 
INFO: [Synth 8-6157] synthesizing module 'SnakeMovement' [C:/Users/Admin/lab7/lab7.srcs/sources_1/new/SnakeMovement.v:1]
	Parameter GRID_WIDTH bound to: 100 - type: integer 
	Parameter GRID_HEIGHT bound to: 75 - type: integer 
	Parameter MAX_SNAKE_LENGTH bound to: 100 - type: integer 
	Parameter SNAKE_INIT_LENGTH bound to: 3 - type: integer 
INFO: [Synth 8-226] default block is never used [C:/Users/Admin/lab7/lab7.srcs/sources_1/new/SnakeMovement.v:50]
INFO: [Synth 8-6155] done synthesizing module 'SnakeMovement' (0#1) [C:/Users/Admin/lab7/lab7.srcs/sources_1/new/SnakeMovement.v:1]
INFO: [Synth 8-155] case statement is not full and has no default [C:/Users/Admin/lab7/lab7.srcs/sources_1/new/SnakeGameLogic.v:82]
INFO: [Synth 8-6155] done synthesizing module 'SnakeGameLogic' (0#1) [C:/Users/Admin/lab7/lab7.srcs/sources_1/new/SnakeGameLogic.v:1]
INFO: [Synth 8-6157] synthesizing module 'SnakePixelRenderer' [C:/Users/Admin/lab7/lab7.srcs/sources_1/new/SnakePixelRenderer.v:1]
	Parameter MAX_SNAKE_LENGTH bound to: 100 - type: integer 
INFO: [Synth 8-6157] synthesizing module 'font8x8' [C:/Users/Admin/lab7/lab7.srcs/sources_1/new/font8x8.v:1]
INFO: [Synth 8-6155] done synthesizing module 'font8x8' (0#1) [C:/Users/Admin/lab7/lab7.srcs/sources_1/new/font8x8.v:1]
INFO: [Synth 8-6155] done synthesizing module 'SnakePixelRenderer' (0#1) [C:/Users/Admin/lab7/lab7.srcs/sources_1/new/SnakePixelRenderer.v:1]
INFO: [Synth 8-6157] synthesizing module 'ScoreCounter' [C:/Users/Admin/lab7/lab7.srcs/sources_1/new/ScoreCounter.v:13]
INFO: [Synth 8-6157] synthesizing module 'Lim_Inc' [C:/Users/Admin/Downloads/lab2_student_sources/lab2_student_sources/Lim_Inc.v:22]
	Parameter L bound to: 10 - type: integer 
INFO: [Synth 8-6157] synthesizing module 'CSA' [C:/Users/Admin/Downloads/lab1_student_sources/lab1_student_sources/CSA.v:22]
	Parameter N bound to: 4 - type: integer 
INFO: [Synth 8-6157] synthesizing module 'CSA__parameterized0' [C:/Users/Admin/Downloads/lab1_student_sources/lab1_student_sources/CSA.v:22]
	Parameter N bound to: 2 - type: integer 
INFO: [Synth 8-6157] synthesizing module 'CSA__parameterized1' [C:/Users/Admin/Downloads/lab1_student_sources/lab1_student_sources/CSA.v:22]
	Parameter N bound to: 1 - type: integer 
INFO: [Synth 8-6157] synthesizing module 'FA' [C:/Users/Admin/Downloads/lab1_student_sources/lab1_student_sources/FA.v:20]
INFO: [Synth 8-6155] done synthesizing module 'FA' (0#1) [C:/Users/Admin/Downloads/lab1_student_sources/lab1_student_sources/FA.v:20]
INFO: [Synth 8-6155] done synthesizing module 'CSA__parameterized1' (0#1) [C:/Users/Admin/Downloads/lab1_student_sources/lab1_student_sources/CSA.v:22]
WARNING: [Synth 8-689] width (2) of port connection 'co' does not match port width (1) of module 'CSA__parameterized1' [C:/Users/Admin/Downloads/lab1_student_sources/lab1_student_sources/CSA.v:41]
WARNING: [Synth 8-689] width (2) of port connection 'co' does not match port width (1) of module 'CSA__parameterized1' [C:/Users/Admin/Downloads/lab1_student_sources/lab1_student_sources/CSA.v:42]
INFO: [Synth 8-6155] done synthesizing module 'CSA__parameterized0' (0#1) [C:/Users/Admin/Downloads/lab1_student_sources/lab1_student_sources/CSA.v:22]
WARNING: [Synth 8-689] width (3) of port connection 'co' does not match port width (1) of module 'CSA__parameterized0' [C:/Users/Admin/Downloads/lab1_student_sources/lab1_student_sources/CSA.v:41]
WARNING: [Synth 8-689] width (3) of port connection 'co' does not match port width (1) of module 'CSA__parameterized0' [C:/Users/Admin/Downloads/lab1_student_sources/lab1_student_sources/CSA.v:42]
INFO: [Synth 8-6155] done synthesizing module 'CSA' (0#1) [C:/Users/Admin/Downloads/lab1_student_sources/lab1_student_sources/CSA.v:22]
INFO: [Synth 8-6155] done synthesizing module 'Lim_Inc' (0#1) [C:/Users/Admin/Downloads/lab2_student_sources/lab2_student_sources/Lim_Inc.v:22]
INFO: [Synth 8-6157] synthesizing module 'Seg_7_Display' [C:/Users/Admin/Downloads/lab3_student_sources/lab3_student_sources/Seg_7_Display.v:1]
INFO: [Synth 8-226] default block is never used [C:/Users/Admin/Downloads/lab3_student_sources/lab3_student_sources/Seg_7_Display.v:35]
INFO: [Synth 8-6155] done synthesizing module 'Seg_7_Display' (0#1) [C:/Users/Admin/Downloads/lab3_student_sources/lab3_student_sources/Seg_7_Display.v:1]
INFO: [Synth 8-6155] done synthesizing module 'ScoreCounter' (0#1) [C:/Users/Admin/lab7/lab7.srcs/sources_1/new/ScoreCounter.v:13]
WARNING: [Synth 8-689] width (32) of port connection 'dp' does not match port width (1) of module 'ScoreCounter' [C:/Users/Admin/lab7/lab7.srcs/sources_1/new/snake_game.v:111]
WARNING: [Synth 8-2900] ignoring illegal expression in output port connection [C:/Users/Admin/lab7/lab7.srcs/sources_1/new/snake_game.v:111]
INFO: [Synth 8-6155] done synthesizing module 'SnakeGameTop' (0#1) [C:/Users/Admin/lab7/lab7.srcs/sources_1/new/snake_game.v:4]
WARNING: [Synth 8-6014] Unused sequential element scancode_sample_reg was removed.  [C:/FPGA_lab/lab5/lab5.srcs/sources_1/new/Ps2_Interface.v:43]
WARNING: [Synth 8-6014] Unused sequential element head_x_reg was removed.  [C:/Users/Admin/lab7/lab7.srcs/sources_1/new/SnakeMovement.v:46]
WARNING: [Synth 8-6014] Unused sequential element head_y_reg was removed.  [C:/Users/Admin/lab7/lab7.srcs/sources_1/new/SnakeMovement.v:47]
WARNING: [Synth 8-6014] Unused sequential element new_head_x_reg was removed.  [C:/Users/Admin/lab7/lab7.srcs/sources_1/new/SnakeMovement.v:51]
WARNING: [Synth 8-6014] Unused sequential element new_head_y_reg was removed.  [C:/Users/Admin/lab7/lab7.srcs/sources_1/new/SnakeMovement.v:51]
WARNING: [Synth 8-6014] Unused sequential element self_collision_reg was removed.  [C:/Users/Admin/lab7/lab7.srcs/sources_1/new/SnakeGameLogic.v:115]
WARNING: [Synth 8-6014] Unused sequential element head_x_reg was removed.  [C:/Users/Admin/lab7/lab7.srcs/sources_1/new/SnakeGameLogic.v:116]
WARNING: [Synth 8-6014] Unused sequential element head_y_reg was removed.  [C:/Users/Admin/lab7/lab7.srcs/sources_1/new/SnakeGameLogic.v:117]
WARNING: [Synth 8-6014] Unused sequential element body_x_reg was removed.  [C:/Users/Admin/lab7/lab7.srcs/sources_1/new/SnakeGameLogic.v:121]
WARNING: [Synth 8-6014] Unused sequential element body_y_reg was removed.  [C:/Users/Admin/lab7/lab7.srcs/sources_1/new/SnakeGameLogic.v:122]
WARNING: [Synth 8-6014] Unused sequential element is_body_pixel_reg was removed.  [C:/Users/Admin/lab7/lab7.srcs/sources_1/new/SnakePixelRenderer.v:60]
WARNING: [Synth 8-6014] Unused sequential element is_head_pixel_reg was removed.  [C:/Users/Admin/lab7/lab7.srcs/sources_1/new/SnakePixelRenderer.v:61]
WARNING: [Synth 8-6014] Unused sequential element x_part_reg was removed.  [C:/Users/Admin/lab7/lab7.srcs/sources_1/new/SnakePixelRenderer.v:64]
WARNING: [Synth 8-6014] Unused sequential element y_part_reg was removed.  [C:/Users/Admin/lab7/lab7.srcs/sources_1/new/SnakePixelRenderer.v:65]
WARNING: [Synth 8-6014] Unused sequential element is_food_pixel_reg was removed.  [C:/Users/Admin/lab7/lab7.srcs/sources_1/new/SnakePixelRenderer.v:74]
WARNING: [Synth 8-6014] Unused sequential element digit_reg was removed.  [C:/Users/Admin/Downloads/lab3_student_sources/lab3_student_sources/Seg_7_Display.v:29]
WARNING: [Synth 8-3848] Net dp in module/entity SnakeGameTop does not have driver. [C:/Users/Admin/lab7/lab7.srcs/sources_1/new/snake_game.v:16]
WARNING: [Synth 8-7129] Port keyPressed in module SnakeGameLogic is either unconnected or has no load
WARNING: [Synth 8-7129] Port dp in module SnakeGameTop is either unconnected or has no load
---------------------------------------------------------------------------------
Finished RTL Elaboration : Time (s): cpu = 00:00:12 ; elapsed = 00:00:14 . Memory (MB): peak = 1521.629 ; gain = 674.230
---------------------------------------------------------------------------------
---------------------------------------------------------------------------------
Start Handling Custom Attributes
---------------------------------------------------------------------------------
---------------------------------------------------------------------------------
Finished Handling Custom Attributes : Time (s): cpu = 00:00:13 ; elapsed = 00:00:14 . Memory (MB): peak = 1521.629 ; gain = 674.230
---------------------------------------------------------------------------------
---------------------------------------------------------------------------------
Finished RTL Optimization Phase 1 : Time (s): cpu = 00:00:13 ; elapsed = 00:00:14 . Memory (MB): peak = 1521.629 ; gain = 674.230
---------------------------------------------------------------------------------
Netlist sorting complete. Time (s): cpu = 00:00:01 ; elapsed = 00:00:00.405 . Memory (MB): peak = 1521.629 ; gain = 0.000
INFO: [Project 1-570] Preparing netlist for logic optimization

Processing XDC Constraints
Initializing timing engine
Parsing XDC File [C:/Users/Admin/Downloads/lab1_student_sources/lab1_student_sources/fpga_lab_constraints.xdc]
Finished Parsing XDC File [C:/Users/Admin/Downloads/lab1_student_sources/lab1_student_sources/fpga_lab_constraints.xdc]
INFO: [Project 1-236] Implementation specific constraints were found while reading constraint file [C:/Users/Admin/Downloads/lab1_student_sources/lab1_student_sources/fpga_lab_constraints.xdc]. These constraints will be ignored for synthesis but will be used in implementation. Impacted constraints are listed in the file [.Xil/SnakeGameTop_propImpl.xdc].
Resolution: To avoid this warning, move constraints listed in [.Xil/SnakeGameTop_propImpl.xdc] to another XDC file and exclude this new file from synthesis with the used_in_synthesis property (File Properties dialog in GUI) and re-run elaboration/synthesis.
Completed Processing XDC Constraints

Netlist sorting complete. Time (s): cpu = 00:00:00 ; elapsed = 00:00:00.002 . Memory (MB): peak = 1616.527 ; gain = 0.000
INFO: [Project 1-111] Unisim Transformation Summary:
No Unisim elements were transformed.

The system cannot find the path specified.
Constraint Validation Runtime : Time (s): cpu = 00:00:00 ; elapsed = 00:00:00.027 . Memory (MB): peak = 1616.527 ; gain = 0.000
INFO: [Designutils 20-5440] No compile time benefit to using incremental synthesis; A full resynthesis will be run
INFO: [Designutils 20-4379] Flow is switching to default flow due to incremental criteria not met. If you would like to alter this behaviour and have the flow terminate instead, please set the following parameter config_implementation {autoIncr.Synth.RejectBehavior Terminate}
---------------------------------------------------------------------------------
Finished Constraint Validation : Time (s): cpu = 00:00:25 ; elapsed = 00:00:27 . Memory (MB): peak = 1616.527 ; gain = 769.129
---------------------------------------------------------------------------------
---------------------------------------------------------------------------------
Start Loading Part and Timing Information
---------------------------------------------------------------------------------
Loading part: xc7a35tlcpg236-2L
---------------------------------------------------------------------------------
Finished Loading Part and Timing Information : Time (s): cpu = 00:00:25 ; elapsed = 00:00:27 . Memory (MB): peak = 1616.527 ; gain = 769.129
---------------------------------------------------------------------------------
---------------------------------------------------------------------------------
Start Applying 'set_property' XDC Constraints
---------------------------------------------------------------------------------
---------------------------------------------------------------------------------
Finished applying 'set_property' XDC Constraints : Time (s): cpu = 00:00:25 ; elapsed = 00:00:27 . Memory (MB): peak = 1616.527 ; gain = 769.129
---------------------------------------------------------------------------------
---------------------------------------------------------------------------------
Finished RTL Optimization Phase 2 : Time (s): cpu = 00:00:28 ; elapsed = 00:00:31 . Memory (MB): peak = 1616.527 ; gain = 769.129
---------------------------------------------------------------------------------
---------------------------------------------------------------------------------
Start RTL Component Statistics 
---------------------------------------------------------------------------------
Detailed RTL Component Info : 
+---Adders : 
	   2 Input   32 Bit       Adders := 1     
	   2 Input   11 Bit       Adders := 3     
	   2 Input   10 Bit       Adders := 1     
	   2 Input    7 Bit       Adders := 3     
	   2 Input    4 Bit       Adders := 2     
+---XORs : 
	   2 Input      1 Bit         XORs := 1     
	   3 Input      1 Bit         XORs := 36    
+---Registers : 
	               16 Bit    Registers := 1     
	               12 Bit    Registers := 1     
	               11 Bit    Registers := 9     
	                8 Bit    Registers := 4     
	                7 Bit    Registers := 1     
	                4 Bit    Registers := 10    
	                2 Bit    Registers := 2     
	                1 Bit    Registers := 15    
+---Muxes : 
	   2 Input 1100 Bit        Muxes := 6     
	   3 Input   12 Bit        Muxes := 1     
	   5 Input   12 Bit        Muxes := 1     
	   2 Input   11 Bit        Muxes := 199   
	   4 Input   11 Bit        Muxes := 3     
	   2 Input   10 Bit        Muxes := 1     
	   2 Input    8 Bit        Muxes := 24    
	  10 Input    8 Bit        Muxes := 1     
	   2 Input    7 Bit        Muxes := 65    
	   8 Input    7 Bit        Muxes := 8     
	   2 Input    6 Bit        Muxes := 112   
	   2 Input    4 Bit        Muxes := 8     
	   4 Input    4 Bit        Muxes := 1     
	   9 Input    3 Bit        Muxes := 1     
	   4 Input    2 Bit        Muxes := 1     
	   2 Input    2 Bit        Muxes := 6     
	   5 Input    2 Bit        Muxes := 1     
	   2 Input    1 Bit        Muxes := 445   
	   3 Input    1 Bit        Muxes := 6     
	   5 Input    1 Bit        Muxes := 1     
---------------------------------------------------------------------------------
Finished RTL Component Statistics 
---------------------------------------------------------------------------------
---------------------------------------------------------------------------------
Start Part Resource Summary
---------------------------------------------------------------------------------
Part Resources:
DSPs: 90 (col length:60)
BRAMs: 100 (col length: RAMB18 60 RAMB36 30)
---------------------------------------------------------------------------------
Finished Part Resource Summary
---------------------------------------------------------------------------------
---------------------------------------------------------------------------------
Start Cross Boundary and Area Optimization
---------------------------------------------------------------------------------
WARNING: [Synth 8-7080] Parallel synthesis criteria is not met
WARNING: [Synth 8-7129] Port keyPressed in module SnakeGameLogic is either unconnected or has no load
WARNING: [Synth 8-7129] Port dp in module SnakeGameTop is either unconnected or has no load
---------------------------------------------------------------------------------
Finished Cross Boundary and Area Optimization : Time (s): cpu = 00:00:58 ; elapsed = 00:01:02 . Memory (MB): peak = 1616.527 ; gain = 769.129
---------------------------------------------------------------------------------
---------------------------------------------------------------------------------
Start Applying XDC Timing Constraints
---------------------------------------------------------------------------------
---------------------------------------------------------------------------------
Finished Applying XDC Timing Constraints : Time (s): cpu = 00:01:04 ; elapsed = 00:01:08 . Memory (MB): peak = 1616.527 ; gain = 769.129
---------------------------------------------------------------------------------
---------------------------------------------------------------------------------
Start Timing Optimization
---------------------------------------------------------------------------------
---------------------------------------------------------------------------------
Finished Timing Optimization : Time (s): cpu = 00:01:17 ; elapsed = 00:01:21 . Memory (MB): peak = 1616.527 ; gain = 769.129
---------------------------------------------------------------------------------
---------------------------------------------------------------------------------
Start Technology Mapping
---------------------------------------------------------------------------------
---------------------------------------------------------------------------------
Finished Technology Mapping : Time (s): cpu = 00:01:19 ; elapsed = 00:01:23 . Memory (MB): peak = 1616.527 ; gain = 769.129
---------------------------------------------------------------------------------
---------------------------------------------------------------------------------
Start IO Insertion
---------------------------------------------------------------------------------
---------------------------------------------------------------------------------
Start Flattening Before IO Insertion
---------------------------------------------------------------------------------
---------------------------------------------------------------------------------
Finished Flattening Before IO Insertion
---------------------------------------------------------------------------------
---------------------------------------------------------------------------------
Start Final Netlist Cleanup
---------------------------------------------------------------------------------
---------------------------------------------------------------------------------
Finished Final Netlist Cleanup
---------------------------------------------------------------------------------
---------------------------------------------------------------------------------
Finished IO Insertion : Time (s): cpu = 00:01:24 ; elapsed = 00:01:29 . Memory (MB): peak = 1616.527 ; gain = 769.129
---------------------------------------------------------------------------------
---------------------------------------------------------------------------------
Start Renaming Generated Instances
---------------------------------------------------------------------------------
---------------------------------------------------------------------------------
Finished Renaming Generated Instances : Time (s): cpu = 00:01:24 ; elapsed = 00:01:29 . Memory (MB): peak = 1616.527 ; gain = 769.129
---------------------------------------------------------------------------------
---------------------------------------------------------------------------------
Start Rebuilding User Hierarchy
---------------------------------------------------------------------------------
---------------------------------------------------------------------------------
Finished Rebuilding User Hierarchy : Time (s): cpu = 00:01:25 ; elapsed = 00:01:29 . Memory (MB): peak = 1616.527 ; gain = 769.129
---------------------------------------------------------------------------------
---------------------------------------------------------------------------------
Start Renaming Generated Ports
---------------------------------------------------------------------------------
---------------------------------------------------------------------------------
Finished Renaming Generated Ports : Time (s): cpu = 00:01:25 ; elapsed = 00:01:29 . Memory (MB): peak = 1616.527 ; gain = 769.129
---------------------------------------------------------------------------------
---------------------------------------------------------------------------------
Start Handling Custom Attributes
---------------------------------------------------------------------------------
---------------------------------------------------------------------------------
Finished Handling Custom Attributes : Time (s): cpu = 00:01:25 ; elapsed = 00:01:30 . Memory (MB): peak = 1616.527 ; gain = 769.129
---------------------------------------------------------------------------------
---------------------------------------------------------------------------------
Start Renaming Generated Nets
---------------------------------------------------------------------------------
---------------------------------------------------------------------------------
Finished Renaming Generated Nets : Time (s): cpu = 00:01:25 ; elapsed = 00:01:30 . Memory (MB): peak = 1616.527 ; gain = 769.129
---------------------------------------------------------------------------------
---------------------------------------------------------------------------------
Start Writing Synthesis Report
---------------------------------------------------------------------------------

Report BlackBoxes: 
+-+--------------+----------+
| |BlackBox name |Instances |
+-+--------------+----------+
+-+--------------+----------+

Report Cell Usage: 
+------+-------+------+
|      |Cell   |Count |
+------+-------+------+
|1     |BUFG   |     3|
|2     |CARRY4 |   430|
|3     |LUT1   |    20|
|4     |LUT2   |   497|
|5     |LUT3   |    93|
|6     |LUT4   |   468|
|7     |LUT5   |   356|
|8     |LUT6   |  1996|
|9     |MUXF7  |     4|
|10    |FDCE   |   105|
|11    |FDPE   |    13|
|12    |FDRE   |  1652|
|13    |FDSE   |   685|
|14    |IBUF   |     4|
|15    |OBUF   |    25|
|16    |OBUFT  |     1|
+------+-------+------+
---------------------------------------------------------------------------------
Finished Writing Synthesis Report : Time (s): cpu = 00:01:25 ; elapsed = 00:01:30 . Memory (MB): peak = 1616.527 ; gain = 769.129
---------------------------------------------------------------------------------
Synthesis finished with 0 errors, 0 critical warnings and 3 warnings.
Synthesis Optimization Runtime : Time (s): cpu = 00:01:07 ; elapsed = 00:01:24 . Memory (MB): peak = 1616.527 ; gain = 674.230
Synthesis Optimization Complete : Time (s): cpu = 00:01:25 ; elapsed = 00:01:30 . Memory (MB): peak = 1616.527 ; gain = 769.129
INFO: [Project 1-571] Translating synthesized netlist
Netlist sorting complete. Time (s): cpu = 00:00:00 ; elapsed = 00:00:00.066 . Memory (MB): peak = 1616.527 ; gain = 0.000
INFO: [Netlist 29-17] Analyzing 434 Unisim elements for replacement
INFO: [Netlist 29-28] Unisim Transformation completed in 0 CPU seconds
WARNING: [Netlist 29-101] Netlist 'SnakeGameTop' is not ideal for floorplanning, since the cellview 'SnakeMovement' contains a large number of primitives.  Please consider enabling hierarchy in synthesis if you want to do floorplanning.
INFO: [Project 1-570] Preparing netlist for logic optimization
INFO: [Opt 31-138] Pushed 0 inverter(s) to 0 load pin(s).
Netlist sorting complete. Time (s): cpu = 00:00:00 ; elapsed = 00:00:00.001 . Memory (MB): peak = 1616.527 ; gain = 0.000
INFO: [Project 1-111] Unisim Transformation Summary:
No Unisim elements were transformed.

The system cannot find the path specified.
Synth Design complete | Checksum: f38900d2
INFO: [Common 17-83] Releasing license: Synthesis
52 Infos, 29 Warnings, 0 Critical Warnings and 0 Errors encountered.
synth_design completed successfully
synth_design: Time (s): cpu = 00:01:31 ; elapsed = 00:01:36 . Memory (MB): peak = 1616.527 ; gain = 1159.621
Write ShapeDB Complete: Time (s): cpu = 00:00:00 ; elapsed = 00:00:00.013 . Memory (MB): peak = 1616.527 ; gain = 0.000
INFO: [Common 17-1381] The checkpoint 'C:/Users/Admin/lab7/lab7.runs/synth_1/SnakeGameTop.dcp' has been generated.
INFO: [runtcl-4] Executing : report_utilization -file SnakeGameTop_utilization_synth.rpt -pb SnakeGameTop_utilization_synth.pb
INFO: [Common 17-206] Exiting Vivado at Mon May 26 15:15:38 2025...
